This is TeX, Version 3.14159 (Web2C 7.4.5) (format=latex 2004.7.26)  1 SEP 2004 13:15
**./images.tex
(./images.tex
LaTeX2e <2001/06/01>
Babel <v3.7h> and hyphenation patterns for american, french, german, ngerman, n
ohyphenation, loaded.

(/usr/local/share/texmf/tex/latex/base/article.cls
Document Class: article 2001/04/21 v1.4e Standard LaTeX document class
(/usr/local/share/texmf/tex/latex/base/size10.clo
File: size10.clo 2001/04/21 v1.4e Standard LaTeX file (size option)
)
\c@part=\count79
\c@section=\count80
\c@subsection=\count81
\c@subsubsection=\count82
\c@paragraph=\count83
\c@subparagraph=\count84
\c@figure=\count85
\c@table=\count86
\abovecaptionskip=\skip41
\belowcaptionskip=\skip42
\bibindent=\dimen102
) (/usr/local/share/texmf/tex/latex/base/ifthen.sty
Package: ifthen 2001/05/26 v1.1c Standard LaTeX ifthen package (DPC)
) (/Scr/villa/ss/foo/RCS-check/vmd/html.sty
Package: html 1999/07/19 v1.38 hypertext commands for latex2html (nd, hws, rrm)

\c@lpart=\count87
\c@lchapter=\count88
\c@chapter=\count89
\c@lsection=\count90
\c@lsubsection=\count91
\c@lsubsubsection=\count92
\c@lparagraph=\count93
\c@lsubparagraph=\count94
\c@lsubsubparagraph=\count95
\ptrfile=\write3
) (/usr/local/share/texmf/tex/latex/graphics/graphicx.sty
Package: graphicx 1999/02/16 v1.0f Enhanced LaTeX Graphics (DPC,SPQR)
(/usr/local/share/texmf/tex/latex/graphics/keyval.sty
Package: keyval 1999/03/16 v1.13 key=value parser (DPC)
\KV@toks@=\toks14
) (/usr/local/share/texmf/tex/latex/graphics/graphics.sty
Package: graphics 2001/07/07 v1.0n Standard LaTeX Graphics (DPC,SPQR)
(/usr/local/share/texmf/tex/latex/graphics/trig.sty
Package: trig 1999/03/16 v1.09 sin cos tan (DPC)
) (/usr/local/share/texmf/tex/latex/config/graphics.cfg
File: graphics.cfg 2001/08/31 v1.1 graphics configuration of teTeX/TeXLive
)
Package graphics Info: Driver file: dvips.def on input line 80.
(/usr/local/share/texmf/tex/latex/graphics/dvips.def
File: dvips.def 1999/02/16 v3.0i Driver-dependant file (DPC,SPQR)
))
\Gin@req@height=\dimen103
\Gin@req@width=\dimen104
) (/usr/local/share/texmf/tex/latex/misc/wrapfig.sty
\wrapoverhang=\dimen105
\WF@size=\dimen106
\c@WF@wrappedlines=\count96
\WF@box=\box26
\WF@everypar=\toks15
Package: wrapfig 2003/01/31  v 3.6
) (/usr/local/share/texmf/tex/latex/graphics/color.sty
Package: color 1999/02/16 v1.0i Standard LaTeX Color (DPC)
(/usr/local/share/texmf/tex/latex/config/color.cfg
File: color.cfg 2001/08/31 v1.1 color configuration of teTeX/TeXLive
)
Package color Info: Driver file: dvips.def on input line 125.
(/usr/local/share/texmf/tex/latex/graphics/dvipsnam.def
File: dvipsnam.def 1999/02/16 v3.0i Driver-dependant file (DPC,SPQR)
)) (/usr/local/share/texmf/tex/latex/base/inputenc.sty
Package: inputenc 2001/07/10 v0.99a Input encoding file 
(/usr/local/share/texmf/tex/latex/base/latin1.def
File: latin1.def 2001/07/10 v0.99a Input encoding file 
))
\sizebox=\box27
\lthtmlwrite=\write4
(./images.aux

LaTeX Warning: Label `fig:tut_colorscale' multiply defined.

)
\openout1 = `images.aux'.

LaTeX Font Info:    Checking defaults for OML/cmm/m/it on input line 124.
LaTeX Font Info:    ... okay on input line 124.
LaTeX Font Info:    Checking defaults for T1/cmr/m/n on input line 124.
LaTeX Font Info:    ... okay on input line 124.
LaTeX Font Info:    Checking defaults for OT1/cmr/m/n on input line 124.
LaTeX Font Info:    ... okay on input line 124.
LaTeX Font Info:    Checking defaults for OMS/cmsy/m/n on input line 124.
LaTeX Font Info:    ... okay on input line 124.
LaTeX Font Info:    Checking defaults for OMX/cmex/m/n on input line 124.
LaTeX Font Info:    ... okay on input line 124.
LaTeX Font Info:    Checking defaults for U/cmr/m/n on input line 124.
LaTeX Font Info:    ... okay on input line 124.
(/Scr/villa/ss/foo/RCS-check/vmd/vmd-tutorial.aux)
Runaway argument?
! File ended while scanning use of \newlabelxx.
<inserted text> 
                \par 
l.124 \begin{document}
                      
I suspect you have forgotten a `}', causing me
to read past where you wanted me to stop.
I'll try to recover; but if the error is serious,
you'd better type `E' or `X' now and fix your file.


latex2htmlLength hsize=349.0pt

latex2htmlLength vsize=633.0pt

latex2htmlLength hoffset=0.0pt

latex2htmlLength voffset=0.0pt

latex2htmlLength topmargin=0.0pt

latex2htmlLength topskip=0.00003pt

latex2htmlLength headheight=0.0pt

latex2htmlLength headsep=0.0pt

latex2htmlLength parskip=0.0pt plus 1.0pt

latex2htmlLength oddsidemargin=62.0pt

latex2htmlLength evensidemargin=62.0pt

\c@nitems=\count97
File: pictures/tut0_ubiquitin.eps Graphic file (type eps)
<pictures/tut0_ubiquitin.eps>
l2hSize :figure224:226.81pt::0.0pt::349.0pt.
[1



]
LaTeX Font Info:    External font `cmex10' loaded for size
(Font)              <7> on input line 309.
LaTeX Font Info:    External font `cmex10' loaded for size
(Font)              <5> on input line 309.
l2hSize :tex2html_wrap_inline280:16.65pt::16.65pt::362.96667pt.

Overfull \hbox (16.96669pt too wide) in paragraph at lines 310--311
[]|[] 
 []

[2


]
File: pictures/tut0_science.eps Graphic file (type eps)
<pictures/tut0_science.eps>

LaTeX Font Warning: Font shape `OT1/cmss/m/it' in size <9> not available
(Font)              Font shape `OT1/cmss/m/sl' tried instead on input line 322.


l2hSize :tex2html_wrap_inline339:48.9pt::48.9pt::348.84894pt.

Overfull \hbox (2.84895pt too wide) in paragraph at lines 323--324
[]|[] 
 []

[3


]
l2hSize :tex2html_wrap_inline1430:6.45831pt::0.0pt::10.50005pt.
[4


]
File: pictures/tut_unit01_001.eps Graphic file (type eps)
<pictures/tut_unit01_001.eps>
l2hSize :figure656:260.9375pt::0.0pt::349.0pt.
[5


]
File: pictures/tut0_infobox.eps Graphic file (type eps)
<pictures/tut0_infobox.eps>
Overfull \hbox (1.33522pt too wide) in paragraph at lines 360--360
[][] 
 []

l2hSize :tex2html_wrap1506:31.9pt::26.9pt::349.0pt.
[6


]
File: pictures/tut0_science.eps Graphic file (type eps)
<pictures/tut0_science.eps>
l2hSize :tex2html_wrap_inline1510:39.1205pt::39.1205pt::348.84894pt.

Overfull \hbox (2.84895pt too wide) in paragraph at lines 379--380
[]|[] 
 []

[7


]
File: pictures/tut_rotations.eps Graphic file (type eps)
<pictures/tut_rotations.eps>
l2hSize :figure736:148.51749pt::0.0pt::349.0pt.
[8


]
File: pictures/tut_unit01_002.eps Graphic file (type eps)
<pictures/tut_unit01_002.eps>
l2hSize :figure766:148.51749pt::0.0pt::349.0pt.
[9


]
File: pictures/tut0_infobox.eps Graphic file (type eps)
<pictures/tut0_infobox.eps>
Overfull \hbox (1.33522pt too wide) in paragraph at lines 424--424
[][] 
 []

l2hSize :tex2html_wrap1560:31.9pt::26.9pt::349.0pt.
[10


]
File: pictures/tut_unit01_004.eps Graphic file (type eps)
<pictures/tut_unit01_004.eps>
l2hSize :figure857:326.18124pt::0.0pt::349.0pt.
[11


]
File: pictures/tut0_infobox.eps Graphic file (type eps)
<pictures/tut0_infobox.eps>
Overfull \hbox (1.33522pt too wide) in paragraph at lines 463--463
[][] 
 []

l2hSize :tex2html_wrap1650:42.9pt::37.9pt::349.0pt.
[12


]
l2hSize :tex2html_wrap_inline1436:7.44444pt::7.44444pt::6.68405pt.
[13


]
File: pictures/tut_licotube.eps Graphic file (type eps)
<pictures/tut_licotube.eps>
l2hSize :figure998:192.6825pt::0.0pt::349.0pt.
[14


]
File: pictures/tut0_science.eps Graphic file (type eps)
<pictures/tut0_science.eps>
LaTeX Font Info:    External font `cmex10' loaded for size
(Font)              <9> on input line 509.
LaTeX Font Info:    External font `cmex10' loaded for size
(Font)              <6> on input line 509.
l2hSize :tex2html_wrap_inline1704:43.4pt::43.4pt::348.84894pt.

Overfull \hbox (2.84895pt too wide) in paragraph at lines 510--511
[]|[] 
 []

[15


]
File: pictures/tut_unit01_005.eps Graphic file (type eps)
<pictures/tut_unit01_005.eps>
l2hSize :figure1093:334.21124pt::0.0pt::349.0pt.
[16


]
l2hSize :tex2html_wrap_inline1452:6.45831pt::0.0pt::6.93407pt.
[17


]
File: pictures/tut_unit01_006.eps Graphic file (type eps)
<pictures/tut_unit01_006.eps>
l2hSize :figure1156:326.18124pt::0.0pt::349.0pt.
[18


]
File: pictures/tut_unit01_008.eps Graphic file (type eps)
<pictures/tut_unit01_008.eps>
l2hSize :figure1254:426.05437pt::0.0pt::349.0pt.
[19


]
File: pictures/tut0_science.eps Graphic file (type eps)
<pictures/tut0_science.eps>
l2hSize :tex2html_wrap_inline1986:39.1205pt::39.1205pt::348.84894pt.

Overfull \hbox (2.84895pt too wide) in paragraph at lines 591--592
[]|[] 
 []

[20


]
File: pictures/tut0_infobox.eps Graphic file (type eps)
<pictures/tut0_infobox.eps>
Overfull \hbox (1.33522pt too wide) in paragraph at lines 618--618
[][] 
 []

l2hSize :tex2html_wrap3169:42.025pt::37.025pt::349.0pt.
[21


]
File: pictures/tut2_main_2mols.eps Graphic file (type eps)
<pictures/tut2_main_2mols.eps>
l2hSize :figure2470:118.90686pt::0.0pt::349.0pt.
[22


]
File: pictures/tut0_infobox.eps Graphic file (type eps)
<pictures/tut0_infobox.eps>
Overfull \hbox (1.33522pt too wide) in paragraph at lines 656--656
[][] 
 []

l2hSize :tex2html_wrap3281:37.9pt::32.9pt::349.0pt.
[23


]
File: pictures/tut2_tkcon.eps Graphic file (type eps)
<pictures/tut2_tkcon.eps>
l2hSize :figure2562:128.94437pt::0.0pt::349.0pt.
[24


]
l2hSize :tex2html_wrap3311:17.9pt::12.9pt::349.0pt.
[25


]
l2hSize :tex2html_wrap3337:11.9pt::6.9pt::349.0pt.
[26


]
l2hSize :tex2html_wrap3359:11.9pt::6.9pt::349.0pt.
[27


]
File: pictures/tut0_infobox.eps Graphic file (type eps)
<pictures/tut0_infobox.eps>
Overfull \hbox (1.33522pt too wide) in paragraph at lines 742--742
[][] 
 []

l2hSize :tex2html_wrap3395:59.4pt::54.4pt::349.0pt.
[28


]
l2hSize :tex2html_wrap3415:11.9pt::6.9pt::349.0pt.
[29


]
File: pictures/tut0_infobox.eps Graphic file (type eps)
<pictures/tut0_infobox.eps>
Overfull \hbox (1.33522pt too wide) in paragraph at lines 778--778
[][] 
 []

l2hSize :tex2html_wrap3481:28.66287pt::23.66287pt::349.0pt.
[30


]
File: pictures/tut2_hydrophobicity.eps Graphic file (type eps)
<pictures/tut2_hydrophobicity.eps>
l2hSize :figure2800:169.59624pt::0.0pt::349.0pt.
[31


]
File: pictures/tut0_science.eps Graphic file (type eps)
<pictures/tut0_science.eps>
l2hSize :tex2html_wrap_inline3505:43.4pt::43.4pt::348.84894pt.

Overfull \hbox (2.84895pt too wide) in paragraph at lines 808--809
[]|[] 
 []

[32


]
l2hSize :tex2html_wrap3625:11.9pt::6.9pt::349.0pt.
[33


]
File: pictures/tut2_ubiquitin_aligned.eps Graphic file (type eps)
<pictures/tut2_ubiquitin_aligned.eps>
l2hSize :figure2977:163.57375pt::0.0pt::349.0pt.
[34


]
l2hSize :tex2html_wrap3669:11.9pt::6.9pt::349.0pt.
[35


]
File: pictures/tut2_colorrange.eps Graphic file (type eps)
<pictures/tut2_colorrange.eps>
l2hSize :figure3042:47.64063pt::0.0pt::349.0pt.
[36


]
File: pictures/tut2_colorscale.eps Graphic file (type eps)
<pictures/tut2_colorscale.eps>
l2hSize :figure3065:175.61874pt::0.0pt::349.0pt.
[37


]
File: pictures/tut2_ubiquitin_colordisp.eps Graphic file (type eps)
<pictures/tut2_ubiquitin_colordisp.eps>
l2hSize :figure3098:174.61499pt::0.0pt::349.0pt.
[38


]
File: pictures/tut0_science.eps Graphic file (type eps)
<pictures/tut0_science.eps>
Underfull \hbox (badness 10000) in paragraph at lines 954--954

 []


Underfull \hbox (badness 2277) in paragraph at lines 954--954
\OT1/cmss/m/n/9 Only cer-tain pro-teins are known to show elas-tic prop-er-ties
.
 []


Underfull \hbox (badness 10000) in paragraph at lines 954--954

 []


Underfull \hbox (badness 1817) in paragraph at lines 954--954
\OT1/cmss/m/n/9 The tra-jec-tory you just loaded is a sim-u-la-tion of an AFM
 []


Underfull \hbox (badness 10000) in paragraph at lines 954--954

 []


Underfull \hbox (badness 1383) in paragraph at lines 954--954
\OT1/cmss/m/n/9 In Molec-u-lar Dy-nam-ics, be-fore start-ing a sim-u-la-tion li
ke the
 []

l2hSize :tex2html_wrap_inline5244:109.4pt::109.4pt::348.84894pt.

Overfull \hbox (2.84895pt too wide) in paragraph at lines 955--956
[]|[] 
 []

[39


]
l2hSize :tex2html_wrap5258:11.9pt::6.9pt::349.0pt.
[40


]
File: pictures/tut_macros_gui.eps Graphic file (type eps)
<pictures/tut_macros_gui.eps>
l2hSize :figure4333:318.65312pt::0.0pt::349.0pt.
[41


]
File: pictures/tut0_infobox.eps Graphic file (type eps)
<pictures/tut0_infobox.eps>
Overfull \hbox (1.33522pt too wide) in paragraph at lines 1015--1015
[][] 
 []

l2hSize :tex2html_wrap5454:31.9pt::26.9pt::349.0pt.
[42


]
File: pictures/tut0_science.eps Graphic file (type eps)
<pictures/tut0_science.eps>
l2hSize :tex2html_wrap_inline5460:39.1205pt::39.1205pt::348.84894pt.

Overfull \hbox (2.84895pt too wide) in paragraph at lines 1032--1033
[]|[] 
 []

[43


]
File: pictures/tut0_infobox.eps Graphic file (type eps)
<pictures/tut0_infobox.eps>
Overfull \hbox (1.33522pt too wide) in paragraph at lines 1058--1058
[][] 
 []


Underfull \hbox (badness 10000) in paragraph at lines 1058--1058

 []

LaTeX Font Info:    Try loading font information for OMS+cmss on input line 105
8.
LaTeX Font Info:    No file OMScmss.fd. on input line 1058.

LaTeX Font Warning: Font shape `OMS/cmss/m/n' undefined
(Font)              using `OMS/cmsy/m/n' instead
(Font)              for symbol `textbullet' on input line 1058.

l2hSize :tex2html_wrap5484:77.525pt::72.525pt::349.0pt.
[44


]
File: pictures/tut_traj_nice.eps Graphic file (type eps)
<pictures/tut_traj_nice.eps>
l2hSize :figure4501:177.62624pt::0.0pt::349.0pt.
[45


]
File: pictures/tut_animate.eps Graphic file (type eps)
<pictures/tut_animate.eps>
l2hSize :figure4529:37.60312pt::0.0pt::349.0pt.
[46


]
File: pictures/tut0_science.eps Graphic file (type eps)
<pictures/tut0_science.eps>
l2hSize :tex2html_wrap_inline5534:39.1205pt::39.1205pt::348.84894pt.

Overfull \hbox (2.84895pt too wide) in paragraph at lines 1109--1110
[]|[] 
 []

[47


]
File: pictures/tut0_science.eps Graphic file (type eps)
<pictures/tut0_science.eps>
l2hSize :tex2html_wrap_inline5544:39.1205pt::39.1205pt::348.84894pt.

Overfull \hbox (2.84895pt too wide) in paragraph at lines 1127--1128
[]|[] 
 []

[48


]
File: pictures/tut0_infobox.eps Graphic file (type eps)
<pictures/tut0_infobox.eps>
Overfull \hbox (1.33522pt too wide) in paragraph at lines 1154--1154
[][] 
 []


Underfull \hbox (badness 10000) in paragraph at lines 1154--1154

 []

l2hSize :tex2html_wrap5570:87.025pt::82.025pt::349.0pt.
[49


]
File: pictures/tut0_infobox.eps Graphic file (type eps)
<pictures/tut0_infobox.eps>
Overfull \hbox (1.33522pt too wide) in paragraph at lines 1169--1169
[][] 
 []

l2hSize :tex2html_wrap5576:28.66287pt::23.66287pt::349.0pt.
[50


]
File: pictures/tut0_science.eps Graphic file (type eps)
<pictures/tut0_science.eps>
l2hSize :tex2html_wrap_inline5606:39.1205pt::39.1205pt::348.84894pt.

Overfull \hbox (2.84895pt too wide) in paragraph at lines 1186--1187
[]|[] 
 []

[51


]
File: pictures/tut0_infobox.eps Graphic file (type eps)
<pictures/tut0_infobox.eps>
Overfull \hbox (1.33522pt too wide) in paragraph at lines 1204--1204
[][] 
 []

l2hSize :tex2html_wrap5632:37.09444pt::32.09444pt::349.0pt.
[52


]
File: pictures/tut_bond_dist.eps Graphic file (type eps)
<pictures/tut_bond_dist.eps>
Overfull \hbox (18.3725pt too wide) in paragraph at lines 1218--1219
 [] 
 []

l2hSize :figure4736:251.9pt::0.0pt::349.0pt.
[53


]
File: pictures/tut0_infobox.eps Graphic file (type eps)
<pictures/tut0_infobox.eps>
Overfull \hbox (1.33522pt too wide) in paragraph at lines 1235--1235
[][] 
 []

l2hSize :tex2html_wrap5660:28.66287pt::23.66287pt::349.0pt.
[54


]
File: pictures/tut_label_window.eps Graphic file (type eps)
<pictures/tut_label_window.eps>
l2hSize :figure4772:189.67125pt::0.0pt::349.0pt.
[55


]
File: pictures/tut0_infobox.eps Graphic file (type eps)
<pictures/tut0_infobox.eps>
Overfull \hbox (1.33522pt too wide) in paragraph at lines 1269--1269
[][] 
 []

l2hSize :tex2html_wrap5706:28.66287pt::23.66287pt::349.0pt.
[56


]
File: pictures/tut_bond_plot.eps Graphic file (type eps)
<pictures/tut_bond_plot.eps>
Overfull \hbox (12.34999pt too wide) in paragraph at lines 1282--1283
 [] 
 []

l2hSize :figure4825:372.34999pt::0.0pt::349.0pt.
[57


]
File: pictures/tut0_science.eps Graphic file (type eps)
<pictures/tut0_science.eps>
l2hSize :tex2html_wrap_inline5726:70.9pt::70.9pt::348.84894pt.

Overfull \hbox (2.84895pt too wide) in paragraph at lines 1304--1305
[]|[] 
 []

[58


]
File: pictures/tut0_science.eps Graphic file (type eps)
<pictures/tut0_science.eps>
Underfull \hbox (badness 10000) in paragraph at lines 1321--1321

 []

l2hSize :tex2html_wrap_inline5734:61.9607pt::61.9607pt::348.84894pt.

Overfull \hbox (2.84895pt too wide) in paragraph at lines 1322--1323
[]|[] 
 []

[59


]
File: pictures/tut0_science.eps Graphic file (type eps)
<pictures/tut0_science.eps>
Underfull \hbox (badness 10000) in paragraph at lines 1345--1345

 []

l2hSize :tex2html_wrap_inline5766:59.9pt::59.9pt::348.84894pt.

Overfull \hbox (2.84895pt too wide) in paragraph at lines 1346--1347
[]|[] 
 []

[60


]
l2hSize :tex2html_wrap_inline5156:6.95831pt::6.95831pt::8.27783pt.
[61


]
l2hSize :tex2html_wrap_inline5158:8.0pt::8.0pt::5.50005pt.
[62


]
File: pictures/tut0_infobox.eps Graphic file (type eps)
<pictures/tut0_infobox.eps>
Overfull \hbox (1.33522pt too wide) in paragraph at lines 1380--1380
[][] 
 []


Underfull \hbox (badness 3826) in paragraph at lines 1380--1380
\OT1/cmss/bx/n/9 More RMSD. \OT1/cmss/m/n/9 You can try sourc-ing an-other scri
pt called
 []

l2hSize :tex2html_wrap5914:31.025pt::26.025pt::349.0pt.
[63


] (./images.aux)

LaTeX Font Warning: Some font shapes were not available, defaults substituted.


LaTeX Warning: There were multiply-defined labels.

 ) 
Here is how much of TeX's memory you used:
 1291 strings out of 95847
 16858 string characters out of 1195582
 59993 words of memory out of 1000001
 4221 multiletter control sequences out of 10000+50000
 7101 words of font info for 26 fonts, out of 500000 for 1000
 14 hyphenation exceptions out of 1000
 25i,7n,23p,687b,436s stack positions out of 1500i,500n,5000p,200000b,5000s

Output written on images.dvi (63 pages, 37072 bytes).
