This is TeX, Version 3.14159 (Web2C 7.4.5) (format=latex 2007.11.30)  29 DEC 2014 00:38
**./images.tex
(./images.tex
LaTeX2e <2001/06/01>
Babel <v3.7h> and hyphenation patterns for american, french, german, ngerman, n
ohyphenation, loaded.

(/usr/local/share/texmf/tex/latex/base/report.cls
Document Class: report 2001/04/21 v1.4e Standard LaTeX document class
(/usr/local/share/texmf/tex/latex/base/size11.clo
File: size11.clo 2001/04/21 v1.4e Standard LaTeX file (size option)
)
\c@part=\count79
\c@chapter=\count80
\c@section=\count81
\c@subsection=\count82
\c@subsubsection=\count83
\c@paragraph=\count84
\c@subparagraph=\count85
\c@figure=\count86
\c@table=\count87
\abovecaptionskip=\skip41
\belowcaptionskip=\skip42
\bibindent=\dimen102
) (/usr/local/share/texmf/tex/latex/base/ifthen.sty
Package: ifthen 2001/05/26 v1.1c Standard LaTeX ifthen package (DPC)
) (/usr/local/share/texmf/tex/latex/graphics/epsfig.sty
Package: epsfig 1999/02/16 v1.7a (e)psfig emulation (SPQR)
(/usr/local/share/texmf/tex/latex/graphics/graphicx.sty
Package: graphicx 1999/02/16 v1.0f Enhanced LaTeX Graphics (DPC,SPQR)
(/usr/local/share/texmf/tex/latex/graphics/keyval.sty
Package: keyval 1999/03/16 v1.13 key=value parser (DPC)
\KV@toks@=\toks14
) (/usr/local/share/texmf/tex/latex/graphics/graphics.sty
Package: graphics 2001/07/07 v1.0n Standard LaTeX Graphics (DPC,SPQR)
(/usr/local/share/texmf/tex/latex/graphics/trig.sty
Package: trig 1999/03/16 v1.09 sin cos tan (DPC)
) (/usr/local/share/texmf/tex/latex/config/graphics.cfg
File: graphics.cfg 2001/08/31 v1.1 graphics configuration of teTeX/TeXLive
)
Package graphics Info: Driver file: dvips.def on input line 80.
(/usr/local/share/texmf/tex/latex/graphics/dvips.def
File: dvips.def 1999/02/16 v3.0i Driver-dependant file (DPC,SPQR)
))
\Gin@req@height=\dimen103
\Gin@req@width=\dimen104
)
\epsfxsize=\dimen105
\epsfysize=\dimen106
) (/home/johns/vmd/doc/html.sty
Package: html 1996/02/01 v1.0 hypertext commands for latex2html (nd, hs)
\c@lpart=\count88
\c@lchapter=\count89
\c@lsection=\count90
\c@lsubsection=\count91
\c@lsubsubsection=\count92
\c@lparagraph=\count93
\c@lsubparagraph=\count94
\c@lsubsubparagraph=\count95
\c@lequation=\count96
\ptrfile=\write3
) (/usr/local/share/texmf/tex/latex/amsfonts/amssymb.sty
Package: amssymb 2002/01/22 v2.2d
(/usr/local/share/texmf/tex/latex/amsfonts/amsfonts.sty
Package: amsfonts 2001/10/25 v2.2f
\@emptytoks=\toks15
\symAMSa=\mathgroup4
\symAMSb=\mathgroup5
LaTeX Font Info:    Overwriting math alphabet `\mathfrak' in version `bold'
(Font)                  U/euf/m/n --> U/euf/b/n on input line 132.
)) (/usr/local/share/texmf/tex/latex/amsmath/amsmath.sty
Package: amsmath 2000/07/18 v2.13 AMS math features
\@mathmargin=\skip43
For additional information on amsmath, use the `?' option.
(/usr/local/share/texmf/tex/latex/amsmath/amstext.sty
Package: amstext 2000/06/29 v2.01
(/usr/local/share/texmf/tex/latex/amsmath/amsgen.sty
File: amsgen.sty 1999/11/30 v2.0
\@emptytoks=\toks16
\ex@=\dimen107
)) (/usr/local/share/texmf/tex/latex/amsmath/amsbsy.sty
Package: amsbsy 1999/11/29 v1.2d
\pmbraise@=\dimen108
) (/usr/local/share/texmf/tex/latex/amsmath/amsopn.sty
Package: amsopn 1999/12/14 v2.01 operator names
)
\inf@bad=\count97
LaTeX Info: Redefining \frac on input line 211.
\uproot@=\count98
\leftroot@=\count99
LaTeX Info: Redefining \overline on input line 307.
\classnum@=\count100
\DOTSCASE@=\count101
LaTeX Info: Redefining \ldots on input line 379.
LaTeX Info: Redefining \dots on input line 382.
LaTeX Info: Redefining \cdots on input line 467.
\Mathstrutbox@=\box26
\strutbox@=\box27
\big@size=\dimen109
LaTeX Font Info:    Redeclaring font encoding OML on input line 567.
LaTeX Font Info:    Redeclaring font encoding OMS on input line 568.
\macc@depth=\count102
\c@MaxMatrixCols=\count103
\dotsspace@=\muskip10
\c@parentequation=\count104
\dspbrk@lvl=\count105
\tag@help=\toks17
\row@=\count106
\column@=\count107
\maxfields@=\count108
\andhelp@=\toks18
\eqnshift@=\dimen110
\alignsep@=\dimen111
\tagshift@=\dimen112
\tagwidth@=\dimen113
\totwidth@=\dimen114
\lineht@=\dimen115
\@envbody=\toks19
\multlinegap=\skip44
\multlinetaggap=\skip45
\mathdisplay@stack=\toks20
LaTeX Info: Redefining \[ on input line 2666.
LaTeX Info: Redefining \] on input line 2667.
) (/usr/local/share/texmf/tex/latex/base/makeidx.sty
Package: makeidx 2000/03/29 v1.0m Standard LaTeX package
)
\@indexfile=\write4
\openout4 = `images.idx'.

Writing index file images.idx
(/usr/local/share/texmf/tex/latex/graphics/color.sty
Package: color 1999/02/16 v1.0i Standard LaTeX Color (DPC)
(/usr/local/share/texmf/tex/latex/config/color.cfg
File: color.cfg 2001/08/31 v1.1 color configuration of teTeX/TeXLive
)
Package color Info: Driver file: dvips.def on input line 125.
(/usr/local/share/texmf/tex/latex/graphics/dvipsnam.def
File: dvipsnam.def 1999/02/16 v3.0i Driver-dependant file (DPC,SPQR)
)) (/usr/local/share/texmf/tex/latex/base/inputenc.sty
Package: inputenc 2001/07/10 v0.99a Input encoding file 
(/usr/local/share/texmf/tex/latex/base/latin1.def
File: latin1.def 2001/07/10 v0.99a Input encoding file 
))
\sizebox=\box28
\lthtmlwrite=\write5
(./images.aux)
\openout1 = `images.aux'.

LaTeX Font Info:    Checking defaults for OML/cmm/m/it on input line 369.
LaTeX Font Info:    ... okay on input line 369.
LaTeX Font Info:    Checking defaults for T1/cmr/m/n on input line 369.
LaTeX Font Info:    ... okay on input line 369.
LaTeX Font Info:    Checking defaults for OT1/cmr/m/n on input line 369.
LaTeX Font Info:    ... okay on input line 369.
LaTeX Font Info:    Checking defaults for OMS/cmsy/m/n on input line 369.
LaTeX Font Info:    ... okay on input line 369.
LaTeX Font Info:    Checking defaults for OMX/cmex/m/n on input line 369.
LaTeX Font Info:    ... okay on input line 369.
LaTeX Font Info:    Checking defaults for U/cmr/m/n on input line 369.
LaTeX Font Info:    ... okay on input line 369.

latex2htmlLength hsize=349.0pt

latex2htmlLength vsize=673.20364pt

latex2htmlLength hoffset=0.0pt

latex2htmlLength voffset=0.0pt

latex2htmlLength topmargin=0.0pt

latex2htmlLength topskip=0.00003pt

latex2htmlLength headheight=0.0pt

latex2htmlLength headsep=0.0pt

latex2htmlLength parskip=0.0pt plus 1.0pt

latex2htmlLength oddsidemargin=0.0pt

latex2htmlLength evensidemargin=0.0pt

File: pictures/ug_myco.eps Graphic file (type eps)
<pictures/ug_myco.eps>
l2hSize :tex2html_wrap1159:359.43904pt::0.0pt::349.0pt.
[1



]
LaTeX Font Info:    Try loading font information for U+msa on input line 413.
(/usr/local/share/texmf/tex/latex/amsfonts/umsa.fd
File: umsa.fd 2002/01/19 v2.2g AMS font definitions
)
LaTeX Font Info:    Try loading font information for U+msb on input line 413.
(/usr/local/share/texmf/tex/latex/amsfonts/umsb.fd
File: umsb.fd 2002/01/19 v2.2g AMS font definitions
)
l2hSize :tex2html_wrap_inline31950:7.98248pt::7.98248pt::20.99559pt.
[2


]
l2hSize :tex2html_wrap_inline31952:7.48248pt::0.0pt::17.81349pt.
[3


]
l2hSize :tex2html_wrap_inline31961:7.57185pt::7.57185pt::9.06422pt.
[4


]
l2hSize :tex2html_wrap_inline31965:7.57185pt::7.57185pt::9.06422pt.
[5


]
l2hSize :tex2html_wrap_inline31967:7.57185pt::7.57185pt::9.06422pt.
[6


]
l2hSize :tex2html_wrap_inline31996:8.7125pt::8.7125pt::68.65096pt.
[7


]
l2hSize :tex2html_wrap_inline31998:7.98248pt::7.98248pt::13.6118pt.
[8


]
l2hSize :tex2html_wrap_inline32000:7.98248pt::7.98248pt::13.6118pt.
[9


]
l2hSize :tex2html_wrap_inline32008:7.07185pt::0.0pt::11.49756pt.
[10


]
l2hSize :tex2html_wrap_inline32027:8.41812pt::0.0pt::6.71428pt.
[11


]
l2hSize :tex2html_wrap_inline32084:7.62646pt::0.0pt::10.7726pt.
[12


]
l2hSize :tex2html_wrap_inline32086:8.12646pt::8.12646pt::19.28929pt.
[13


]
File: pictures/ug_main.eps Graphic file (type eps)
<pictures/ug_main.eps>
l2hSize :figure2373:131.79822pt::0.0pt::349.0pt.
[14


]
File: pictures/ug_animate.eps Graphic file (type eps)
<pictures/ug_animate.eps>
l2hSize :figure2384:40.7074pt::0.0pt::349.0pt.
[15


]
File: pictures/ug_files.eps Graphic file (type eps)
<pictures/ug_files.eps>
l2hSize :figure2618:164.92215pt::0.0pt::349.0pt.
[16


]
File: pictures/ug_display.eps Graphic file (type eps)
<pictures/ug_display.eps>
l2hSize :figure2886:234.4824pt::0.0pt::349.0pt.
[17


]
File: pictures/screen_params.eps Graphic file (type eps)
<pictures/screen_params.eps>
l2hSize :tex2html_wrap3035:239.3905pt::0.0pt::349.0pt.
[18


]
File: pictures/ug_graphics_draw_style.eps Graphic file (type eps)
<pictures/ug_graphics_draw_style.eps>
l2hSize :figure3179:385.74837pt::0.0pt::349.0pt.
[19


]
File: pictures/ug_graphics_selection.eps Graphic file (type eps)
<pictures/ug_graphics_selection.eps>
l2hSize :figure3190:385.74837pt::0.0pt::349.0pt.
[20


]
File: pictures/ug_labels.eps Graphic file (type eps)
<pictures/ug_labels.eps>
l2hSize :figure3384:211.84773pt::0.0pt::349.0pt.
[21


]
File: pictures/ug_color.eps Graphic file (type eps)
<pictures/ug_color.eps>
l2hSize :figure3497:195.28575pt::0.0pt::349.0pt.
[22


]
File: pictures/ug_material.eps Graphic file (type eps)
<pictures/ug_material.eps>
l2hSize :figure3565:236.69067pt::0.0pt::349.0pt.
[23


]
File: pictures/ug_render.eps Graphic file (type eps)
<pictures/ug_render.eps>
l2hSize :figure3616:148.36018pt::0.0pt::349.0pt.
[24


]
File: pictures/ug_tools.eps Graphic file (type eps)
<pictures/ug_tools.eps>
l2hSize :figure3743:211.84773pt::0.0pt::349.0pt.
[25


]
l2hSize :tex2html_wrap_inline32291:7.07185pt::0.0pt::6.80576pt.
[26


]
l2hSize :tex2html_wrap_inline32297:7.57185pt::7.57185pt::6.30898pt.
[27


]
l2hSize :tex2html_wrap_inline32299:7.07185pt::0.0pt::6.1214pt.
[28


]
l2hSize :tex2html_wrap_inline32301:7.98248pt::7.98248pt::17.76016pt.
[29


]
l2hSize :tex2html_wrap_inline32303:7.98248pt::7.98248pt::51.39767pt.
[30


]
l2hSize :tex2html_wrap_inline32305:7.48248pt::0.0pt::8.76004pt.
[31


]
File: pictures/ug_sequence.eps Graphic file (type eps)
<pictures/ug_sequence.eps>
l2hSize :figure4045:140.0792pt::0.0pt::349.0pt.
[32


]
File: pictures/ug_ramaplot.eps Graphic file (type eps)
<pictures/ug_ramaplot.eps>
l2hSize :figure4225:247.17992pt::0.0pt::349.0pt.
[33


]
l2hSize :tex2html_wrap_inline32353:7.57185pt::7.57185pt::6.50687pt.
[34


]
l2hSize :tex2html_wrap_inline32422:7.07185pt::0.0pt::7.1201pt.
[35


]
l2hSize :tex2html_wrap_inline32426:9.12923pt::0.0pt::11.87016pt.
[36


]
l2hSize :tex2html_wrap_inline32434:7.98248pt::7.98248pt::14.33305pt.
[37


]
l2hSize :tex2html_wrap_indisplay32476:20.74919pt::20.74919pt::162.16647pt.
[38


]
l2hSize :tex2html_wrap_inline32478:7.57185pt::7.57185pt::6.20885pt.
[39


]
l2hSize :tex2html_wrap_inline32480:7.82315pt::0.0pt::5.79189pt.
[40


]
l2hSize :tex2html_wrap_inline32482:7.48248pt::0.0pt::10.53938pt.
[41


]
l2hSize :tex2html_wrap_inline32484:7.22179pt::0.0pt::4.31995pt.
[42


]
l2hSize :tex2html_wrap_inline32486:8.32315pt::8.32315pt::8.88167pt.
[43


]
l2hSize :tex2html_wrap_inline32488:7.07185pt::0.0pt::7.59279pt.
[44


]
l2hSize :tex2html_wrap_inline32499:7.07185pt::0.0pt::5.79189pt.
[45


]
l2hSize :tex2html_wrap_inline32503:7.72179pt::7.72179pt::5.68361pt.
[46


]
l2hSize :tex2html_wrap_inline32507:7.60416pt::0.0pt::6.59285pt.
[47


]
l2hSize :tex2html_wrap_inline32511:8.10416pt::8.10416pt::24.96518pt.
[48


]
l2hSize :tex2html_wrap_inline32649:7.07185pt::0.0pt::9.06422pt.
[49


]
l2hSize :tex2html_wrap_inline32657:7.57185pt::7.57185pt::17.58092pt.
[50


]
File: pictures/ug_color_scale.eps Graphic file (type eps)
<pictures/ug_color_scale.eps>
l2hSize :figure5052:207.98326pt::0.0pt::349.0pt.
[51


]
File: pictures/ug_color_scale_min.eps Graphic file (type eps)
<pictures/ug_color_scale_min.eps>
l2hSize :figure5063:71.62308pt::0.0pt::349.0pt.
[52


]
l2hSize :tex2html_wrap_inline32992:7.57185pt::7.57185pt::9.06422pt.
[53


]
l2hSize :tex2html_wrap_inline32994:7.07185pt::0.0pt::6.02254pt.
[54


]
l2hSize :tex2html_wrap_inline33070:9.12923pt::0.0pt::5.29759pt.
[55


]
l2hSize :tex2html_wrap_inline33072:9.12923pt::0.0pt::5.29759pt.
[56


]
l2hSize :tex2html_wrap_inline33074:9.12923pt::0.0pt::5.29759pt.
[57


]
l2hSize :tex2html_wrap_inline33076:9.12923pt::0.0pt::5.29759pt.
[58


]
l2hSize :tex2html_wrap_inline33078:9.12923pt::0.0pt::5.29759pt.
[59


]
l2hSize :tex2html_wrap_inline33080:9.12923pt::0.0pt::5.29759pt.
[60


]
l2hSize :tex2html_wrap_inline33084:9.12923pt::0.0pt::5.29759pt.
[61


]
l2hSize :tex2html_wrap_inline33086:9.12923pt::0.0pt::5.29759pt.
[62


]
l2hSize :tex2html_wrap_inline33246:7.57185pt::7.57185pt::9.06422pt.
[63


]
l2hSize :tex2html_wrap_inline33254:7.07185pt::0.0pt::6.02254pt.
[64


]
l2hSize :tex2html_wrap_inline33335:8.7125pt::8.7125pt::3.5892pt.
[65


]
l2hSize :tex2html_wrap_inline33338:8.7125pt::8.7125pt::19.92424pt.
[66


]
l2hSize :tex2html_wrap_inline33340:9.62923pt::9.62923pt::60.60445pt.
[67


]
l2hSize :tex2html_wrap_indisplay33356:19.66264pt::19.66264pt::202.83723pt.
[68


]
l2hSize :tex2html_wrap_inline33358:8.7125pt::8.7125pt::18.081pt.
[69


]
l2hSize :tex2html_wrap_inline33362:7.07185pt::0.0pt::5.79189pt.
[70


]
l2hSize :tex2html_wrap_inline33370:8.7125pt::8.7125pt::3.5892pt.
[71


]
l2hSize :tex2html_wrap_inline33658:8.7125pt::8.7125pt::31.74295pt.
[72


]
l2hSize :tex2html_wrap_inline33660:11.01254pt::11.01254pt::94.00043pt.
[73


]
l2hSize :tex2html_wrap_inline33662:7.57185pt::7.57185pt::22.8758pt.
[74


]
l2hSize :tex2html_wrap_inline33664:7.57185pt::7.57185pt::21.98615pt.
[75


]
l2hSize :tex2html_wrap_inline33666:7.57185pt::7.57185pt::21.70985pt.
[76


]
l2hSize :tex2html_wrap_inline33668:7.57185pt::7.57185pt::24.12402pt.
[77


]
l2hSize :tex2html_wrap_inline33670:7.57185pt::7.57185pt::23.23438pt.
[78


]
l2hSize :tex2html_wrap_inline33672:7.57185pt::7.57185pt::22.95808pt.
[79


]
l2hSize :tex2html_wrap_inline33675:7.57185pt::7.57185pt::7.85316pt.
[80


]
l2hSize :tex2html_wrap_inline33677:7.57185pt::7.57185pt::5.29759pt.
[81


]
l2hSize :tex2html_wrap_inline33691:8.7125pt::8.7125pt::34.47862pt.
[82


]
l2hSize :tex2html_wrap_inline33693:7.07185pt::0.0pt::4.99217pt.
[83


]
l2hSize :tex2html_wrap_inline33695:8.10416pt::8.10416pt::46.16132pt.
[84


]
l2hSize :tex2html_wrap_inline33697:7.57185pt::7.57185pt::11.55582pt.
[85


]
l2hSize :tex2html_wrap_inline33699:7.57185pt::7.57185pt::10.66617pt.
[86


]
l2hSize :tex2html_wrap_inline33701:7.57185pt::7.57185pt::10.38988pt.
[87


]
l2hSize :tex2html_wrap_inline33703:7.07185pt::0.0pt::15.14745pt.
[88


]
l2hSize :tex2html_wrap_inline33705:7.57185pt::7.57185pt::14.90445pt.
[89


]
l2hSize :tex2html_wrap_inline33707:7.57185pt::7.57185pt::14.0148pt.
[90


]
l2hSize :tex2html_wrap_inline33709:7.57185pt::7.57185pt::13.73851pt.
[91


]
l2hSize :tex2html_wrap_inline33711:7.57185pt::7.57185pt::9.74223pt.
[92


]
l2hSize :tex2html_wrap_inline33713:8.7125pt::8.7125pt::41.08983pt.
[93


]
l2hSize :tex2html_wrap_inline33717:7.57185pt::7.57185pt::13.09087pt.
[94


]
l2hSize :tex2html_wrap_inline33719:8.7125pt::8.7125pt::44.43846pt.
[95


]
l2hSize :tex2html_wrap_indisplay33721:19.66264pt::19.66264pt::214.23184pt.
[96


]
l2hSize :tex2html_wrap_inline33723:8.7125pt::8.7125pt::121.08116pt.
[97


]
l2hSize :tex2html_wrap_inline33725:7.74004pt::7.74004pt::60.59972pt.
[98


]
l2hSize :tex2html_wrap_inline33733:7.07185pt::0.0pt::27.19502pt.
[99


]
l2hSize :tex2html_wrap_inline33735:7.07185pt::0.0pt::27.19502pt.
[100


]
l2hSize :tex2html_wrap_inline33737:7.07185pt::0.0pt::27.19502pt.
[101


]
l2hSize :tex2html_wrap_inline33739:7.07185pt::0.0pt::27.19502pt.
[102


]
l2hSize :tex2html_wrap_inline33741:7.07185pt::0.0pt::27.19502pt.
[103


]
l2hSize :tex2html_wrap_inline33743:7.07185pt::0.0pt::27.19502pt.
[104


]
l2hSize :tex2html_wrap_inline33745:7.57185pt::7.57185pt::27.19502pt.
[105


]
l2hSize :tex2html_wrap_inline33747:7.57185pt::7.57185pt::25.97838pt.
[106


]
l2hSize :tex2html_wrap_inline33804:7.57185pt::7.57185pt::26.09761pt.
[107


]
l2hSize :tex2html_wrap_inline33892:7.57185pt::7.57185pt::31.45338pt.
[108


]
l2hSize :tex2html_wrap_inline33904:8.7125pt::8.7125pt::17.19814pt.
[109


]
l2hSize :tex2html_wrap_inline33906:9.62923pt::9.62923pt::21.9482pt.
[110


]
l2hSize :tex2html_wrap_inline33908:8.7125pt::8.7125pt::44.99638pt.
[111


]
l2hSize :tex2html_wrap_inline33930:8.71255pt::8.71255pt::86.33638pt.
[112


]
l2hSize :tex2html_wrap_inline33945:9.62923pt::9.62923pt::111.52434pt.
[113


]
l2hSize :tex2html_wrap_inline33957:8.71248pt::8.71248pt::22.79555pt.
[114


]
l2hSize :tex2html_wrap_inline33959:17.99301pt::17.99301pt::180.19829pt.
[115


]
l2hSize :tex2html_wrap_inline33963:7.98248pt::7.98248pt::14.33305pt.
[116


]
File: pictures/rmsd_extension.eps Graphic file (type eps)
<pictures/rmsd_extension.eps>
l2hSize :figure16047:173.7552pt::0.0pt::349.0pt.
[117


]
l2hSize :tex2html_wrap_inline33976:7.57185pt::7.57185pt::24.88081pt.
[118


]
l2hSize :tex2html_wrap_inline33985:7.57185pt::7.57185pt::11.15782pt.
[119


]
l2hSize :tex2html_wrap_indisplay33993:8.7125pt::8.7125pt::250.12016pt.
[120


]
l2hSize :tex2html_wrap_inline33997:7.60416pt::0.0pt::6.24686pt.
[121


]
l2hSize :tex2html_wrap_inline33999:8.10416pt::8.10416pt::10.99692pt.
[122


]
l2hSize :tex2html_wrap_inline34001:8.10416pt::8.10416pt::10.99692pt.
[123


]
l2hSize :tex2html_wrap_inline34003:8.10416pt::8.10416pt::55.12881pt.
[124


]
l2hSize :tex2html_wrap_inline34005:7.98248pt::7.98248pt::37.74855pt.
[125


]
l2hSize :tex2html_wrap_inline34007:7.98248pt::7.98248pt::37.74855pt.
[126


]
l2hSize :tex2html_wrap_inline34009:7.07185pt::0.0pt::5.28621pt.
[127


]
l2hSize :tex2html_wrap_inline34015:7.48248pt::0.0pt::10.63065pt.
[128


]
l2hSize :tex2html_wrap_inline34021:7.57185pt::7.57185pt::13.26048pt.
[129


]
l2hSize :tex2html_wrap_inline34023:7.57185pt::7.57185pt::12.56836pt.
[130


]
File: pictures/colvars_diagram.eps Graphic file (type eps)
<pictures/colvars_diagram.eps>
l2hSize :tex2html_wrap34029:263.83302pt::0.0pt::349.0pt.
[131


]
l2hSize :tex2html_wrap_inline34122:8.7125pt::8.7125pt::6.63084pt.
[132


]
l2hSize :tex2html_wrap_inline34124:8.7125pt::8.7125pt::6.63084pt.
[133


]
l2hSize :tex2html_wrap_inline34249:9.62923pt::9.62923pt::38.04425pt.
[134


]
l2hSize :tex2html_wrap_inline34251:7.07185pt::0.0pt::7.19737pt.
[135


]
l2hSize :tex2html_wrap_inline34257:9.62923pt::9.62923pt::65.00111pt.
[136


]
l2hSize :tex2html_wrap_inline34259:7.07185pt::0.0pt::6.57385pt.
[137


]
l2hSize :tex2html_wrap_inline34269:9.12923pt::0.0pt::11.9088pt.
[138


]
l2hSize :tex2html_wrap_inline34282:8.10416pt::8.10416pt::8.73212pt.
[139


]
l2hSize :tex2html_wrap_inline34284:8.10416pt::8.10416pt::9.73676pt.
[140


]
l2hSize :tex2html_wrap_inline34292:8.7125pt::8.7125pt::30.49828pt.
[141


]
l2hSize :tex2html_wrap_inline34294:8.7125pt::8.7125pt::101.63815pt.
[142


]
l2hSize :tex2html_wrap_inline34300:8.7125pt::8.7125pt::39.51718pt.
[143


]
l2hSize :tex2html_wrap_inline34302:9.62923pt::9.62923pt::79.54466pt.
[144


]
l2hSize :tex2html_wrap_inline34308:7.07185pt::0.0pt::4.50171pt.
[145


]
l2hSize :tex2html_wrap_inline34310:8.71248pt::8.71248pt::50.30289pt.
[146


]
l2hSize :tex2html_wrap_inline34415:7.57185pt::7.57185pt::10.58748pt.
[147


]
l2hSize :tex2html_wrap_inline34417:8.10416pt::8.10416pt::5.84193pt.
[148


]
l2hSize :tex2html_wrap_inline34419:10.02922pt::10.02922pt::109.65993pt.
[149


]
l2hSize :tex2html_wrap_inline34421:9.44032pt::0.0pt::13.8325pt.
[150


]
l2hSize :tex2html_wrap_inline34425:7.48248pt::0.0pt::8.94633pt.
[151


]
l2hSize :tex2html_wrap_inline34427:9.52922pt::0.0pt::18.0131pt.
[152


]
l2hSize :tex2html_wrap_inline34457:7.57185pt::7.57185pt::6.50687pt.
[153


]
l2hSize :tex2html_wrap_inline34465:8.7125pt::8.7125pt::37.3047pt.
[154


]
l2hSize :tex2html_wrap_inline34467:9.94032pt::9.94032pt::42.19087pt.
[155


]
l2hSize :tex2html_wrap_inline34512:7.07185pt::0.0pt::6.6866pt.
[156


]
l2hSize :tex2html_wrap_inline34518:7.57185pt::7.57185pt::11.43666pt.
[157


]
l2hSize :tex2html_wrap_inline34524:7.57185pt::7.57185pt::11.43666pt.
[158


]
l2hSize :tex2html_wrap_inline34526:9.62923pt::9.62923pt::144.26045pt.
[159


]
l2hSize :tex2html_wrap_inline34528:8.7125pt::8.7125pt::89.40837pt.
[160


]
l2hSize :tex2html_wrap_inline34530:8.7125pt::8.7125pt::56.71451pt.
[161


]
l2hSize :tex2html_wrap_inline34536:7.07185pt::0.0pt::6.60954pt.
[162


]
l2hSize :tex2html_wrap_inline34538:7.57185pt::7.57185pt::30.959pt.
[163


]
l2hSize :tex2html_wrap_inline34540:8.7125pt::8.7125pt::53.44595pt.
[164


]
l2hSize :tex2html_wrap_inline34552:8.7125pt::8.7125pt::29.50533pt.
[165


]
l2hSize :tex2html_wrap_inline34554:8.7125pt::8.7125pt::20.98863pt.
[166


]
l2hSize :tex2html_wrap_inline34556:8.10416pt::8.10416pt::10.03862pt.
[167


]
l2hSize :tex2html_wrap_inline34563:8.7125pt::8.7125pt::72.55615pt.
[168


]
l2hSize :tex2html_wrap_inline34565:8.7125pt::8.7125pt::33.70158pt.
[169


]
l2hSize :tex2html_wrap_inline34568:8.7125pt::8.7125pt::18.07011pt.
[170


]
l2hSize :tex2html_wrap_indisplay34570:25.781pt::25.781pt::176.60207pt.
[171


]
l2hSize :tex2html_wrap_inline34572:9.76236pt::9.76236pt::25.78587pt.
[172


]
l2hSize :tex2html_wrap_inline34588:8.7125pt::8.7125pt::37.65579pt.
[173


]
l2hSize :tex2html_wrap_inline34591:8.7125pt::8.7125pt::57.1225pt.
[174


]
l2hSize :tex2html_wrap_inline34598:8.7125pt::8.7125pt::134.72939pt.
[175


]
l2hSize :tex2html_wrap_inline34600:8.10416pt::8.10416pt::10.99692pt.
[176


]
l2hSize :tex2html_wrap_inline34604:7.07185pt::0.0pt::10.16177pt.
[177


]
l2hSize :tex2html_wrap_indisplay34606:16.50905pt::16.50905pt::279.25348pt.
[178


]
l2hSize :tex2html_wrap_inline34612:8.10416pt::8.10416pt::33.72949pt.
[179


]
l2hSize :tex2html_wrap_inline34616:8.10416pt::8.10416pt::31.29616pt.
[180


]
l2hSize :tex2html_wrap_inline34618:8.7125pt::8.7125pt::22.20935pt.
[181


]
l2hSize :tex2html_wrap_inline34620:8.7125pt::8.7125pt::16.97255pt.
[182


]
l2hSize :tex2html_wrap_inline34626:8.10416pt::8.10416pt::33.72949pt.
[183


]
l2hSize :tex2html_wrap_inline34628:8.80704pt::0.0pt::26.03415pt.
[184


]
l2hSize :tex2html_wrap_inline34638:8.10416pt::8.10416pt::10.99692pt.
[185


]
l2hSize :tex2html_wrap_inline34656:7.98248pt::7.98248pt::83.52757pt.
[186


]
l2hSize :tex2html_wrap_inline34658:7.98248pt::7.98248pt::35.34592pt.
[187


]
l2hSize :tex2html_wrap_indisplay34663:16.50905pt::16.50905pt::220.6457pt.
[188


]
l2hSize :tex2html_wrap_inline34665:8.7125pt::8.7125pt::121.85255pt.
[189


]
l2hSize :tex2html_wrap_inline34667:9.62923pt::9.62923pt::35.34592pt.
[190


]
l2hSize :tex2html_wrap_inline34671:8.7125pt::8.7125pt::110.78015pt.
[191


]
l2hSize :tex2html_wrap_inline34673:12.72922pt::0.0pt::73.65292pt.
[192


]
l2hSize :tex2html_wrap_inline34675:8.7125pt::8.7125pt::34.00836pt.
[193


]
l2hSize :tex2html_wrap_inline34677:12.27165pt::12.27165pt::35.57433pt.
[194


]
l2hSize :tex2html_wrap_inline34679:8.7125pt::8.7125pt::32.56041pt.
[195


]
l2hSize :tex2html_wrap_inline34681:12.27165pt::12.27165pt::24.62431pt.
[196


]
l2hSize :tex2html_wrap_indisplay34683:24.68443pt::24.68443pt::366.03256pt.

Overfull \hbox (20.24158pt too wide) in paragraph at lines 2031--2032
[]|[] 
 []

[197


]
l2hSize :tex2html_wrap_inline34713:9.12923pt::0.0pt::18.3634pt.
[198


]
l2hSize :tex2html_wrap_indisplay34717:18.72697pt::18.72697pt::330.67723pt.
[199


]
l2hSize :tex2html_wrap_inline34719:7.48248pt::0.0pt::9.21777pt.
[200


]
l2hSize :tex2html_wrap_inline34725:7.57185pt::7.57185pt::10.58748pt.
[201


]
l2hSize :tex2html_wrap_inline34727:8.7125pt::8.7125pt::19.10417pt.
[202


]
l2hSize :tex2html_wrap_inline34729:8.71255pt::8.71255pt::47.43968pt.
[203


]
l2hSize :tex2html_wrap_inline34751:7.07185pt::0.0pt::12.59511pt.
[204


]
l2hSize :tex2html_wrap_inline34755:8.91812pt::8.91812pt::10.58748pt.
[205


]
l2hSize :tex2html_wrap_inline34759:13.09258pt::13.09258pt::85.76659pt.
[206


]
l2hSize :tex2html_wrap_inline34763:8.10416pt::8.10416pt::25.91685pt.
[207


]
l2hSize :tex2html_wrap_inline34765:8.10416pt::8.10416pt::25.91685pt.
[208


]
l2hSize :tex2html_wrap_indisplay34772:24.68443pt::24.68443pt::164.25087pt.
[209


]
l2hSize :tex2html_wrap_indisplay34779:20.74919pt::20.74919pt::123.2854pt.
[210


]
l2hSize :tex2html_wrap_inline34781:9.12923pt::0.0pt::5.29759pt.
[211


]
l2hSize :tex2html_wrap_inline34784:7.07185pt::0.0pt::6.31906pt.
[212


]
l2hSize :tex2html_wrap_indisplay34790:20.74919pt::20.74919pt::152.04489pt.
[213


]
l2hSize :tex2html_wrap_inline34805:8.7125pt::8.7125pt::82.47473pt.
[214


]
l2hSize :tex2html_wrap_inline34807:9.62923pt::9.62923pt::47.4309pt.
[215


]
l2hSize :tex2html_wrap_inline34809:12.27165pt::12.27165pt::86.0684pt.
[216


]
l2hSize :tex2html_wrap_inline34811:8.7125pt::8.7125pt::62.2173pt.
[217


]
l2hSize :tex2html_wrap_inline34813:8.7125pt::8.7125pt::100.67921pt.
[218


]
l2hSize :tex2html_wrap_inline34815:7.60416pt::0.0pt::5.99211pt.
[219


]
l2hSize :tex2html_wrap_inline34817:7.07185pt::0.0pt::7.54332pt.
[220


]
l2hSize :tex2html_wrap_inline34819:7.62646pt::0.0pt::5.29759pt.
[221


]
l2hSize :tex2html_wrap_inline34823:7.57185pt::7.57185pt::24.88081pt.
[222


]
l2hSize :tex2html_wrap_inline34831:8.7125pt::8.7125pt::96.28407pt.
[223


]
l2hSize :tex2html_wrap_inline34850:7.62646pt::0.0pt::5.29759pt.
[224


]
l2hSize :tex2html_wrap_inline34852:7.57185pt::7.57185pt::14.53923pt.
[225


]
l2hSize :tex2html_wrap_inline34859:8.7125pt::8.7125pt::35.22247pt.
[226


]
l2hSize :tex2html_wrap_inline34872:7.98248pt::7.98248pt::29.39766pt.
[227


]
l2hSize :tex2html_wrap_inline34874:7.98248pt::7.98248pt::14.09561pt.
[228


]
l2hSize :tex2html_wrap_inline34876:7.98248pt::7.98248pt::37.47073pt.
[229


]
l2hSize :tex2html_wrap_indisplay34879:13.09258pt::13.09258pt::435.9507pt.

Overfull \hbox (90.15971pt too wide) in paragraph at lines 2246--2247
[]|[] 
 []

[230


]
l2hSize :tex2html_wrap_indisplay34881:20.88696pt::20.88696pt::422.87991pt.

Overfull \hbox (77.08893pt too wide) in paragraph at lines 2265--2266
[]|[] 
 []

[231


]
l2hSize :tex2html_wrap_inline34883:7.98248pt::7.98248pt::68.9171pt.
[232


]
l2hSize :tex2html_wrap_indisplay34885:26.46953pt::26.46953pt::367.77756pt.

Overfull \hbox (21.98657pt too wide) in paragraph at lines 2278--2279
[]|[] 
 []

[233


]
l2hSize :tex2html_wrap_inline34887:9.97366pt::0.0pt::69.7086pt.
[234


]
l2hSize :tex2html_wrap_inline34946:8.10416pt::8.10416pt::10.46587pt.
[235


]
l2hSize :tex2html_wrap_inline34948:8.10416pt::8.10416pt::11.07422pt.
[236


]
l2hSize :tex2html_wrap_inline34950:8.7125pt::8.7125pt::43.38936pt.
[237


]
l2hSize :tex2html_wrap_inline34952:8.7125pt::8.7125pt::247.41484pt.
[238


]
l2hSize :tex2html_wrap_inline34954:8.10416pt::8.10416pt::11.82198pt.
[239


]
l2hSize :tex2html_wrap_inline34956:8.10416pt::8.10416pt::15.77896pt.
[240


]
l2hSize :tex2html_wrap_inline34958:8.7125pt::8.7125pt::68.34644pt.
[241


]
l2hSize :tex2html_wrap_indisplay34960:20.74919pt::20.74919pt::345.13629pt.
[242


]
l2hSize :tex2html_wrap_inline34980:8.7125pt::8.7125pt::27.95679pt.
[243


]
l2hSize :tex2html_wrap_inline34982:8.7125pt::8.7125pt::19.4401pt.
[244


]
l2hSize :tex2html_wrap_inline34984:7.48248pt::0.0pt::9.09842pt.
[245


]
l2hSize :tex2html_wrap_inline34987:7.57185pt::7.57185pt::6.20505pt.
[246


]
l2hSize :tex2html_wrap_inline34989:7.57185pt::7.57185pt::14.72174pt.
[247


]
l2hSize :tex2html_wrap_inline34993:8.7125pt::8.7125pt::19.54465pt.
[248


]
l2hSize :tex2html_wrap_inline34995:8.7125pt::8.7125pt::22.53242pt.
[249


]
l2hSize :tex2html_wrap_indisplay34997:14.73128pt::14.73128pt::96.81818pt.
[250


]
l2hSize :tex2html_wrap_inline34999:7.57185pt::7.57185pt::8.68016pt.
[251


]
l2hSize :tex2html_wrap_inline35001:7.57185pt::7.57185pt::10.51405pt.
[252


]
l2hSize :tex2html_wrap_inline35011:8.7125pt::8.7125pt::20.88106pt.
[253


]
l2hSize :tex2html_wrap_inline35049:7.57185pt::7.57185pt::17.58092pt.
[254


]
l2hSize :tex2html_wrap_inline35062:8.7125pt::8.7125pt::63.2974pt.
[255


]
l2hSize :tex2html_wrap_inline35064:8.10416pt::8.10416pt::6.44453pt.
[256


]
l2hSize :tex2html_wrap_inline35066:8.7125pt::8.7125pt::23.47792pt.
[257


]
l2hSize :tex2html_wrap_indisplay35068:14.9644pt::14.9644pt::117.51303pt.
[258


]
l2hSize :tex2html_wrap_inline35070:8.01291pt::8.01291pt::14.38843pt.
[259


]
l2hSize :tex2html_wrap_indisplay35076:8.7125pt::8.7125pt::90.08728pt.
[260


]
l2hSize :tex2html_wrap_inline35078:8.7125pt::8.7125pt::47.7514pt.
[261


]
l2hSize :tex2html_wrap_inline35080:8.7125pt::8.7125pt::40.36201pt.
[262


]
l2hSize :tex2html_wrap_inline35082:9.44032pt::0.0pt::58.09497pt.
[263


]
l2hSize :tex2html_wrap_indisplay35091:8.10416pt::8.10416pt::43.06686pt.
[264


]
l2hSize :tex2html_wrap_indisplay35093:7.57185pt::7.57185pt::9.06422pt.
[265


]
l2hSize :tex2html_wrap_indisplay35095:8.10416pt::8.10416pt::12.70673pt.
[266


]
l2hSize :tex2html_wrap_indisplay35097:8.01291pt::8.01291pt::45.27356pt.
[267


]
l2hSize :tex2html_wrap_indisplay35102:15.5119pt::15.5119pt::156.88567pt.
[268


]
l2hSize :tex2html_wrap_inline35104:7.48248pt::0.0pt::9.36836pt.
[269


]
l2hSize :tex2html_wrap_inline35106:7.57185pt::7.57185pt::10.552pt.
[270


]
l2hSize :tex2html_wrap_inline35118:8.01291pt::8.01291pt::13.01968pt.
[271


]
l2hSize :tex2html_wrap_inline35120:8.10416pt::8.10416pt::11.123pt.
[272


]
l2hSize :tex2html_wrap_indisplay35122:10.48782pt::10.48782pt::78.9243pt.
[273


]
l2hSize :tex2html_wrap_indisplay35123:8.01291pt::8.01291pt::15.96492pt.
[274


]
l2hSize :tex2html_wrap_indisplay35124:11.17625pt::11.17625pt::23.17374pt.
[275


]
l2hSize :tex2html_wrap_inline35129:7.98248pt::7.98248pt::13.94891pt.
[276


]
l2hSize :tex2html_wrap_inline35130:10.67625pt::0.0pt::8.76004pt.
[277


]
l2hSize :tex2html_wrap_inline35134:8.7125pt::8.7125pt::29.45616pt.
[278


]
l2hSize :tex2html_wrap_inline35136:7.98248pt::7.98248pt::13.89421pt.
[279


]
l2hSize :tex2html_wrap_inline35161:8.10416pt::8.10416pt::7.07191pt.
[280


]
l2hSize :tex2html_wrap_inline35163:8.10416pt::8.10416pt::8.07314pt.
[281


]
l2hSize :tex2html_wrap_inline35180:8.7125pt::8.7125pt::150.23448pt.
[282


]
l2hSize :tex2html_wrap_inline35221:8.7125pt::8.7125pt::97.61565pt.
[283


]
l2hSize :tex2html_wrap_indisplay35223:21.43921pt::21.43921pt::244.2151pt.
[284


]
l2hSize :tex2html_wrap_inline35225:7.98248pt::7.98248pt::25.85196pt.
[285


]
l2hSize :tex2html_wrap_inline35231:7.98248pt::7.98248pt::18.22762pt.
[286


]
l2hSize :tex2html_wrap_inline35233:7.48248pt::0.0pt::12.41005pt.
[287


]
l2hSize :tex2html_wrap_inline35235:8.7125pt::8.7125pt::84.34534pt.
[288


]
l2hSize :tex2html_wrap_inline35237:8.10416pt::8.10416pt::18.29898pt.
[289


]
l2hSize :tex2html_wrap_inline35241:10.58096pt::10.58096pt::23.17374pt.
[290


]
l2hSize :tex2html_wrap_inline35243:8.7125pt::8.7125pt::23.17374pt.
[291


]
l2hSize :tex2html_wrap_inline35245:8.7125pt::8.7125pt::40.26566pt.
[292


]
l2hSize :tex2html_wrap_inline35247:8.25145pt::8.25145pt::11.84457pt.
[293


]
l2hSize :tex2html_wrap_inline35249:13.09258pt::13.09258pt::94.94427pt.
[294


]
l2hSize :tex2html_wrap_inline35253:8.7125pt::8.7125pt::48.78235pt.
[295


]
l2hSize :tex2html_wrap_indisplay35257:8.7125pt::8.7125pt::115.55807pt.
[296


]
l2hSize :tex2html_wrap_inline35259:7.57185pt::7.57185pt::12.74416pt.
[297


]
l2hSize :tex2html_wrap_inline35263:8.10416pt::8.10416pt::12.82397pt.
[298


]
l2hSize :tex2html_wrap_inline35265:7.60416pt::0.0pt::9.78278pt.
[299


]
l2hSize :tex2html_wrap_inline35267:8.7125pt::8.7125pt::25.90363pt.
[300


]
l2hSize :tex2html_wrap_inline35269:8.7125pt::8.7125pt::37.64763pt.
[301


]
l2hSize :tex2html_wrap_inline35271:7.57185pt::7.57185pt::11.73137pt.
[302


]
l2hSize :tex2html_wrap_inline35317:10.43405pt::10.43405pt::32.73222pt.
[303


]
l2hSize :tex2html_wrap_inline35336:7.98248pt::7.98248pt::38.89532pt.
[304


]
l2hSize :tex2html_wrap_inline35338:7.48248pt::0.0pt::17.5923pt.
[305


]
l2hSize :tex2html_wrap_inline35342:8.7125pt::8.7125pt::69.9318pt.
[306


]
l2hSize :tex2html_wrap_inline35393:14.9644pt::14.9644pt::100.10437pt.
[307


]
l2hSize :tex2html_wrap_inline35401:9.12923pt::0.0pt::11.9088pt.
[308


]
l2hSize :tex2html_wrap_inline35452:7.60416pt::0.0pt::6.93504pt.
[309


]
l2hSize :tex2html_wrap_inline35456:8.7125pt::8.7125pt::105.28854pt.
[310


]
l2hSize :tex2html_wrap_inline35458:8.10416pt::8.10416pt::10.9982pt.
[311


]
l2hSize :tex2html_wrap_inline35460:8.10416pt::8.10416pt::11.70654pt.
[312


]
l2hSize :tex2html_wrap_inline35462:8.10416pt::8.10416pt::10.9982pt.
[313


]
l2hSize :tex2html_wrap_inline35496:8.7125pt::8.7125pt::20.57687pt.
[314


]
l2hSize :tex2html_wrap_inline35500:8.7125pt::8.7125pt::29.7019pt.
[315


]
l2hSize :tex2html_wrap_inline35514:8.10416pt::8.10416pt::18.30406pt.
[316


] (./images.aux) ) 
Here is how much of TeX's memory you used:
 2314 strings out of 95847
 29802 string characters out of 1195581
 72498 words of memory out of 1000001
 5206 multiletter control sequences out of 10000+50000
 12476 words of font info for 47 fonts, out of 500000 for 1000
 14 hyphenation exceptions out of 1000
 32i,7n,24p,644b,436s stack positions out of 1500i,500n,5000p,200000b,5000s

Output written on images.dvi (316 pages, 78840 bytes).
